<?xml version="1.0" encoding="UTF-8"?>
<!-- Generated by org.testng.reporters.JUnitReportReporter -->
<testsuite hostname="DESKTOP-RQVJNMI" failures="0" tests="2" name="com.amazon.Add_To_Cart" time="36.116" errors="0" timestamp="2024-01-18T17:30:09 IST" skipped="0">
  <testcase classname="com.amazon.Add_To_Cart" name="Login" time="15.167"/>
  <testcase classname="com.amazon.Add_To_Cart" name="Add_To_Cart" time="20.949"/>
</testsuite> <!-- com.amazon.Add_To_Cart -->
