<?xml version="1.0" encoding="UTF-8"?>
<!-- Generated by org.testng.reporters.JUnitReportReporter -->
<testsuite hostname="DESKTOP-RQVJNMI" failures="0" tests="3" name="com.amazon.Add_To_Cart" time="36.764" errors="0" timestamp="2024-01-18T18:45:36 IST" skipped="0">
  <testcase classname="com.amazon.Add_To_Cart" name="Login" time="19.349"/>
  <testcase classname="com.amazon.Add_To_Cart" name="Add_To_Cart" time="16.757"/>
  <testcase classname="com.amazon.Add_To_Cart" name="close" time="0.658"/>
</testsuite> <!-- com.amazon.Add_To_Cart -->
