<?xml version="1.0" encoding="UTF-8"?>
<!-- Generated by org.testng.reporters.JUnitReportReporter -->
<testsuite hostname="DESKTOP-RQVJNMI" failures="0" tests="2" name="com.amazon.Add_To_Cart" time="46.843" errors="0" timestamp="2024-01-19T16:10:12 IST" skipped="0">
  <testcase classname="com.amazon.Add_To_Cart" name="Login" time="20.842"/>
  <testcase classname="com.amazon.Add_To_Cart" name="Add_To_Cart1" time="26.001"/>
</testsuite> <!-- com.amazon.Add_To_Cart -->
